# Logfile created on 2022-11-29 21:40:42 +0300 by logger.rb/66358
I, [2022-11-29T21:42:34.541282 #69833]  INFO -- : Running example 'Verifying a pact between TodoFrontend and TodoBackend Given create todo a request for create todo with POST /todo returns a response which has status code 200'
I, [2022-11-29T21:42:34.541555 #69833]  INFO -- : Sending POST request to path: "/todo" with headers: {"CONTENT_TYPE"=>"application/json", "HTTP_X_PACT_ORIGINAL_HEADER_NAMES"=>"Content-Type", "X_PACT_PROVIDER_STATES"=>[{"name"=>"create todo"}]}, see debug logs for body
D, [2022-11-29T21:42:34.541575 #69833] DEBUG -- : body :{"text":"buy some milk"}
I, [2022-11-29T21:42:34.552136 #69833]  INFO -- : Received response with status: 200, headers: {"Content-Length"=>"68", "Content-Type"=>"application/json", "Date"=>"Tue, 29 Nov 2022 18:42:34 GMT"}, see debug logs for body
D, [2022-11-29T21:42:34.552186 #69833] DEBUG -- : body: {"id":"c9713ded-665b-4304-9392-3234259aae03","text":"buy some milk"}
I, [2022-11-29T21:44:12.229735 #69887]  INFO -- : Running example 'Verifying a pact between TodoFrontend and TodoBackend Given create todo a request for create todo with POST /todo returns a response which has status code 200'
I, [2022-11-29T21:44:12.230000 #69887]  INFO -- : Sending POST request to path: "/todo" with headers: {"CONTENT_TYPE"=>"application/json", "HTTP_X_PACT_ORIGINAL_HEADER_NAMES"=>"Content-Type", "X_PACT_PROVIDER_STATES"=>[{"name"=>"create todo"}]}, see debug logs for body
D, [2022-11-29T21:44:12.230030 #69887] DEBUG -- : body :{"text":"buy some milk"}
I, [2022-11-29T21:44:12.240690 #69887]  INFO -- : Received response with status: 200, headers: {"Content-Length"=>"68", "Content-Type"=>"application/json", "Date"=>"Tue, 29 Nov 2022 18:44:12 GMT"}, see debug logs for body
D, [2022-11-29T21:44:12.240764 #69887] DEBUG -- : body: {"id":"4aaa43e5-7958-4263-99da-b969e1dd82ca","text":"buy some milk"}
I, [2022-11-29T21:46:13.443813 #69944]  INFO -- : Running example 'Verifying a pact between TodoFrontend and TodoBackend Given create todo a request for create todo with POST /todo returns a response which has status code 200'
I, [2022-11-29T21:46:13.444085 #69944]  INFO -- : Sending POST request to path: "/todo" with headers: {"CONTENT_TYPE"=>"application/json", "HTTP_X_PACT_ORIGINAL_HEADER_NAMES"=>"Content-Type", "X_PACT_PROVIDER_STATES"=>[{"name"=>"create todo"}]}, see debug logs for body
D, [2022-11-29T21:46:13.444334 #69944] DEBUG -- : body :{"text":"buy some milk"}
I, [2022-11-29T21:46:13.454998 #69944]  INFO -- : Received response with status: 200, headers: {"Content-Length"=>"68", "Content-Type"=>"application/json", "Date"=>"Tue, 29 Nov 2022 18:46:13 GMT"}, see debug logs for body
D, [2022-11-29T21:46:13.455055 #69944] DEBUG -- : body: {"id":"8effb230-eb30-4a45-896c-9fd3a7ebfad3","text":"buy some milk"}
I, [2022-11-29T21:48:44.691848 #70015]  INFO -- : Running example 'Verifying a pact between TodoFrontend and TodoBackend Given create todo a request for create todo with POST /todo returns a response which has status code 200'
I, [2022-11-29T21:48:44.692231 #70015]  INFO -- : Sending POST request to path: "/todo" with headers: {"CONTENT_TYPE"=>"application/json", "HTTP_X_PACT_ORIGINAL_HEADER_NAMES"=>"Content-Type", "X_PACT_PROVIDER_STATES"=>[{"name"=>"create todo"}]}, see debug logs for body
D, [2022-11-29T21:48:44.692260 #70015] DEBUG -- : body :{"text":"buy some milk"}
I, [2022-11-29T21:48:44.703141 #70015]  INFO -- : Received response with status: 200, headers: {"Content-Length"=>"68", "Content-Type"=>"application/json", "Date"=>"Tue, 29 Nov 2022 18:48:44 GMT"}, see debug logs for body
D, [2022-11-29T21:48:44.703200 #70015] DEBUG -- : body: {"id":"bd984f8b-de50-4b65-9070-793f9dbe95bc","text":"buy some milk"}
I, [2022-12-01T21:31:45.286409 #50483]  INFO -- : Running example 'Verifying a pact between TodoFrontend and TodoBackend Given create todo a request for create todo with POST /todo returns a response which has status code 200'
I, [2022-12-01T21:31:45.286697 #50483]  INFO -- : Sending POST request to path: "/todo" with headers: {"CONTENT_TYPE"=>"application/json", "HTTP_X_PACT_ORIGINAL_HEADER_NAMES"=>"Content-Type", "X_PACT_PROVIDER_STATES"=>[{"name"=>"create todo"}]}, see debug logs for body
D, [2022-12-01T21:31:45.286730 #50483] DEBUG -- : body :{"text":"buy some milk"}
I, [2022-12-01T21:31:45.295098 #50483]  INFO -- : Received response with status: 404, headers: {"Content-Length"=>"17", "Content-Type"=>"text/plain; charset=utf-8", "Date"=>"Thu, 01 Dec 2022 18:31:45 GMT"}, see debug logs for body
D, [2022-12-01T21:31:45.295126 #50483] DEBUG -- : body: Cannot POST /todo
I, [2023-01-07T16:44:26.606369 #44311]  INFO -- : Running example 'Verifying a pact between TodoFrontend and TodoBackend Given create todo a request for create todo with POST /todo returns a response which has status code 200'
I, [2023-01-07T16:44:26.606633 #44311]  INFO -- : Sending POST request to path: "/todo" with headers: {"CONTENT_TYPE"=>"application/json", "HTTP_X_PACT_ORIGINAL_HEADER_NAMES"=>"Content-Type", "X_PACT_PROVIDER_STATES"=>[{"name"=>"create todo"}]}, see debug logs for body
D, [2023-01-07T16:44:26.606653 #44311] DEBUG -- : body :{"text":"buy some milk"}
I, [2023-01-07T16:44:26.615431 #44311]  INFO -- : Received response with status: 404, headers: {"Content-Length"=>"17", "Content-Type"=>"text/plain; charset=utf-8", "Date"=>"Sat, 07 Jan 2023 13:44:26 GMT"}, see debug logs for body
D, [2023-01-07T16:44:26.615467 #44311] DEBUG -- : body: Cannot POST /todo
I, [2023-01-07T16:46:00.653649 #44488]  INFO -- : Running example 'Verifying a pact between TodoFrontend and TodoBackend Given create todo a request for create todo with POST /todo returns a response which has status code 200'
I, [2023-01-07T16:46:00.653892 #44488]  INFO -- : Sending POST request to path: "/todo" with headers: {"CONTENT_TYPE"=>"application/json", "HTTP_X_PACT_ORIGINAL_HEADER_NAMES"=>"Content-Type", "X_PACT_PROVIDER_STATES"=>[{"name"=>"create todo"}]}, see debug logs for body
D, [2023-01-07T16:46:00.653913 #44488] DEBUG -- : body :{"text":"buy some milk"}
I, [2023-01-07T16:46:00.663627 #44488]  INFO -- : Received response with status: 404, headers: {"Content-Length"=>"17", "Content-Type"=>"text/plain; charset=utf-8", "Date"=>"Sat, 07 Jan 2023 13:46:00 GMT"}, see debug logs for body
D, [2023-01-07T16:46:00.663667 #44488] DEBUG -- : body: Cannot POST /todo
I, [2023-01-07T16:47:52.241491 #44943]  INFO -- : Running example 'Verifying a pact between TodoFrontend and TodoBackend Given create todo a request for create todo with POST /todo returns a response which has status code 200'
I, [2023-01-07T16:47:52.241746 #44943]  INFO -- : Sending POST request to path: "/todo" with headers: {"CONTENT_TYPE"=>"application/json", "HTTP_X_PACT_ORIGINAL_HEADER_NAMES"=>"Content-Type", "X_PACT_PROVIDER_STATES"=>[{"name"=>"create todo"}]}, see debug logs for body
D, [2023-01-07T16:47:52.241957 #44943] DEBUG -- : body :{"text":"buy some milk"}
I, [2023-01-07T16:47:52.251759 #44943]  INFO -- : Received response with status: 404, headers: {"Content-Length"=>"17", "Content-Type"=>"text/plain; charset=utf-8", "Date"=>"Sat, 07 Jan 2023 13:47:52 GMT"}, see debug logs for body
D, [2023-01-07T16:47:52.251829 #44943] DEBUG -- : body: Cannot POST /todo
I, [2023-01-07T16:47:59.155097 #45026]  INFO -- : Running example 'Verifying a pact between TodoFrontend and TodoBackend Given create todo a request for create todo with POST /todo returns a response which has status code 200'
I, [2023-01-07T16:47:59.155191 #45026]  INFO -- : Sending POST request to path: "/todo" with headers: {"CONTENT_TYPE"=>"application/json", "HTTP_X_PACT_ORIGINAL_HEADER_NAMES"=>"Content-Type", "X_PACT_PROVIDER_STATES"=>[{"name"=>"create todo"}]}, see debug logs for body
D, [2023-01-07T16:47:59.155211 #45026] DEBUG -- : body :{"text":"buy some milk"}
I, [2023-01-07T16:47:59.164094 #45026]  INFO -- : Received response with status: 404, headers: {"Content-Length"=>"17", "Content-Type"=>"text/plain; charset=utf-8", "Date"=>"Sat, 07 Jan 2023 13:47:59 GMT"}, see debug logs for body
D, [2023-01-07T16:47:59.164136 #45026] DEBUG -- : body: Cannot POST /todo
I, [2023-01-07T16:51:18.471719 #45701]  INFO -- : Running example 'Verifying a pact between TodoFrontend and TodoBackend Given create todo a request for create todo with POST /todo returns a response which has status code 200'
I, [2023-01-07T16:51:18.471998 #45701]  INFO -- : Sending POST request to path: "/todo" with headers: {"CONTENT_TYPE"=>"application/json", "HTTP_X_PACT_ORIGINAL_HEADER_NAMES"=>"Content-Type", "X_PACT_PROVIDER_STATES"=>[{"name"=>"create todo"}]}, see debug logs for body
D, [2023-01-07T16:51:18.472022 #45701] DEBUG -- : body :{"text":"buy some milk"}
I, [2023-01-07T16:51:18.482500 #45701]  INFO -- : Received response with status: 404, headers: {"Content-Length"=>"17", "Content-Type"=>"text/plain; charset=utf-8", "Date"=>"Sat, 07 Jan 2023 13:51:18 GMT"}, see debug logs for body
D, [2023-01-07T16:51:18.482546 #45701] DEBUG -- : body: Cannot POST /todo
I, [2023-01-07T16:51:54.332240 #45873]  INFO -- : Running example 'Verifying a pact between TodoFrontend and TodoBackend Given create todo a request for create todo with POST /todo returns a response which has status code 200'
I, [2023-01-07T16:51:54.332482 #45873]  INFO -- : Sending POST request to path: "/todo" with headers: {"CONTENT_TYPE"=>"application/json", "HTTP_X_PACT_ORIGINAL_HEADER_NAMES"=>"Content-Type", "X_PACT_PROVIDER_STATES"=>[{"name"=>"create todo"}]}, see debug logs for body
D, [2023-01-07T16:51:54.332502 #45873] DEBUG -- : body :{"text":"buy some milk"}
I, [2023-01-07T16:51:54.341748 #45873]  INFO -- : Received response with status: 404, headers: {"Content-Length"=>"17", "Content-Type"=>"text/plain; charset=utf-8", "Date"=>"Sat, 07 Jan 2023 13:51:54 GMT"}, see debug logs for body
D, [2023-01-07T16:51:54.341786 #45873] DEBUG -- : body: Cannot POST /todo
